<?xml version="1.0" encoding="UTF-8"?>
<!-- Generated by org.testng.reporters.JUnitReportReporter -->
<testsuite hostname="DESKTOP-AJLC7JG" failures="0" tests="1" name="com.actitime.testscript.Excel" time="0.836" errors="0" timestamp="2023-07-13T12:35:38 IST" skipped="0">
  <testcase classname="com.actitime.testscript.Excel" name="readDataFromExcel" time="0.836"/>
  <system-out/>
</testsuite> <!-- com.actitime.testscript.Excel -->
