<?xml version="1.0" encoding="UTF-8"?>
<!-- Generated by org.testng.reporters.JUnitReportReporter -->
<testsuite hostname="DESKTOP-AJLC7JG" failures="0" tests="1" name="pom.Login" time="8.487" errors="0" timestamp="2023-07-17T19:18:11 IST" skipped="0">
  <testcase classname="pom.Login" name="loginPage" time="8.487"/>
  <system-out/>
</testsuite> <!-- pom.Login -->
