<?xml version="1.0" encoding="UTF-8"?>
<!-- Generated by org.testng.reporters.JUnitReportReporter -->
<testsuite hostname="DESKTOP-AJLC7JG" failures="0" tests="1" name="com.actitime.testscript.Gmail" time="10.381" errors="0" timestamp="2023-07-09T19:42:03 IST" skipped="0">
  <testcase classname="com.actitime.testscript.Gmail" name="loginToGmail" time="10.381"/>
  <system-out/>
</testsuite> <!-- com.actitime.testscript.Gmail -->
