<?xml version="1.0" encoding="UTF-8"?>
<!-- Generated by org.testng.reporters.JUnitReportReporter -->
<testsuite hostname="DESKTOP-AJLC7JG" failures="0" tests="1" name="datadriventesting.LoginToActitime" time="19.085" errors="0" timestamp="2023-07-06T18:46:54 IST" skipped="0">
  <testcase classname="datadriventesting.LoginToActitime" name="loginActitimeTest" time="19.085"/>
  <system-out/>
</testsuite> <!-- datadriventesting.LoginToActitime -->
