<?xml version="1.0" encoding="UTF-8"?>
<!-- Generated by org.testng.reporters.JUnitReportReporter -->
<testsuite hostname="DESKTOP-AJLC7JG" failures="0" tests="1" name="com.actitime.testscript.AlphabeticalOrder" time="2.656" errors="0" timestamp="2023-07-12T20:23:19 IST" skipped="0">
  <testcase classname="com.actitime.testscript.AlphabeticalOrder" name="alpha" time="2.656"/>
  <system-out/>
</testsuite> <!-- com.actitime.testscript.AlphabeticalOrder -->
