<?xml version="1.0" encoding="UTF-8"?>
<!-- Generated by org.testng.reporters.JUnitReportReporter -->
<testsuite hostname="DESKTOP-AJLC7JG" failures="0" tests="4" name="com.actitime.testscript.Listbox" time="12.654" errors="0" timestamp="2023-07-12T20:28:26 IST" skipped="0">
  <testcase classname="com.actitime.testscript.Listbox" name="selectAllOptions" time="8.520"/>
  <system-out/>
  <testcase classname="com.actitime.testscript.Listbox" name="duplicateElements" time="1.329"/>
  <system-out/>
  <testcase classname="com.actitime.testscript.Listbox" name="expectDuplicates" time="1.341"/>
  <system-out/>
  <testcase classname="com.actitime.testscript.Listbox" name="alphabitacalOrder" time="1.464"/>
  <system-out/>
</testsuite> <!-- com.actitime.testscript.Listbox -->
