<?xml version="1.0" encoding="UTF-8"?>
<!-- Generated by org.testng.reporters.JUnitReportReporter -->
<testsuite hostname="DESKTOP-AJLC7JG" failures="0" tests="3" name="com.actitime.testscript.ProjectModule" time="0.014" errors="0" timestamp="2023-07-06T18:51:10 IST" skipped="0">
  <testcase classname="com.actitime.testscript.ProjectModule" name="createProject" time="0.012"/>
  <system-out>
    <![CDATA[createProject]]>
  </system-out>
  <testcase classname="com.actitime.testscript.ProjectModule" name="modifyProject" time="0.001"/>
  <system-out>
    <![CDATA[modifyProject]]>
  </system-out>
  <testcase classname="com.actitime.testscript.ProjectModule" name="deleteProject" time="0.001"/>
  <system-out>
    <![CDATA[deleteProject]]>
  </system-out>
</testsuite> <!-- com.actitime.testscript.ProjectModule -->
