<?xml version="1.0" encoding="UTF-8"?>
<!-- Generated by org.testng.reporters.JUnitReportReporter -->
<testsuite hostname="DESKTOP-AJLC7JG" failures="0" tests="1" name="pom.TestMethodCls" time="27.371" errors="0" timestamp="2023-07-17T20:04:00 IST" skipped="0">
  <testcase classname="pom.TestMethodCls" name="validLogin" time="27.371"/>
  <system-out/>
</testsuite> <!-- pom.TestMethodCls -->
